[0mGET /api-docs/ [36m304 [0m4.057 ms - -[0m
[0mGET /api-docs/swagger-ui.css [36m304 [0m4.076 ms - -[0m
[0mGET /api-docs/swagger-ui-init.js [32m200 [0m4.611 ms - 6183[0m
[0mGET /api-docs/swagger-ui-bundle.js [36m304 [0m22.127 ms - -[0m
[0mGET /api-docs/swagger-ui-standalone-preset.js [36m304 [0m15.516 ms - -[0m
[0mGET /api-docs/favicon-32x32.png [32m200 [0m4.360 ms - 1141[0m
[0mGET /api-docs/favicon-16x16.png [36m304 [0m0.270 ms - -[0m
[0mGET /api-docs/ [36m304 [0m2.004 ms - -[0m
[0mGET /api-docs/swagger-ui.css [36m304 [0m2.358 ms - -[0m
[0mGET /api-docs/swagger-ui-bundle.js [36m304 [0m2.772 ms - -[0m
[0mGET /api-docs/swagger-ui-init.js [36m304 [0m0.762 ms - -[0m
[0mGET /api-docs/swagger-ui-standalone-preset.js [36m304 [0m2.017 ms - -[0m
[0mGET /api-docs/favicon-32x32.png [36m304 [0m0.462 ms - -[0m
[0mGET /api-docs/favicon-16x16.png [36m304 [0m0.245 ms - -[0m
[0mGET /api-docs/ [36m304 [0m0.580 ms - -[0m
[0mGET /api-docs/swagger-ui.css [36m304 [0m0.559 ms - -[0m
[0mGET /api-docs/swagger-ui-bundle.js [36m304 [0m0.760 ms - -[0m
[0mGET /api-docs/swagger-ui-standalone-preset.js [36m304 [0m0.849 ms - -[0m
[0mGET /api-docs/swagger-ui-init.js [36m304 [0m0.245 ms - -[0m
[0mGET /api-docs/ [36m304 [0m0.451 ms - -[0m
[0mGET /api-docs/swagger-ui-init.js [36m304 [0m0.335 ms - -[0m
[0mGET /api-docs/swagger-ui.css [36m304 [0m3.436 ms - -[0m
[0mGET /api-docs/swagger-ui-bundle.js [36m304 [0m3.480 ms - -[0m
[0mGET /api-docs/swagger-ui-standalone-preset.js [36m304 [0m3.585 ms - -[0m
[0mGET /api-docs/ [32m200 [0m0.335 ms - 3112[0m
[0mGET /api-docs/swagger-ui-init.js [32m200 [0m0.157 ms - 6183[0m
[0mGET /api-docs/swagger-ui.css [32m200 [0m2.501 ms - 153554[0m
[0mGET /api-docs/swagger-ui-standalone-preset.js [32m200 [0m1.991 ms - 305885[0m
[0mGET /api-docs/swagger-ui-bundle.js [32m200 [0m2.966 ms - 939799[0m
[0mGET /api-docs/favicon-32x32.png [32m200 [0m0.631 ms - 1141[0m
